-------------------------------------------------------------------------------
Test set: com.sky.test.HttpClientTest
-------------------------------------------------------------------------------
Tests run: 2, Failures: 0, Errors: 2, Skipped: 0, Time elapsed: 9.982 s <<< FAILURE! - in com.sky.test.HttpClientTest
testGET  Time elapsed: 5.791 s  <<< ERROR!
org.apache.http.conn.HttpHostConnectException: Connect to localhost:8080 [localhost/127.0.0.1, localhost/0:0:0:0:0:0:0:1] failed: Connection refused: connect
	at com.sky.test.HttpClientTest.testGET(HttpClientTest.java:30)
Caused by: java.net.ConnectException: Connection refused: connect
	at com.sky.test.HttpClientTest.testGET(HttpClientTest.java:30)

testPOST  Time elapsed: 4.179 s  <<< ERROR!
org.apache.http.conn.HttpHostConnectException: Connect to localhost:8080 [localhost/127.0.0.1, localhost/0:0:0:0:0:0:0:1] failed: Connection refused: connect
	at com.sky.test.HttpClientTest.testPOST(HttpClientTest.java:69)
Caused by: java.net.ConnectException: Connection refused: connect
	at com.sky.test.HttpClientTest.testPOST(HttpClientTest.java:69)

