<?xml version="1.0" encoding="UTF-8"?>
<testsuite xmlns:xsi="http://www.w3.org/2001/XMLSchema-instance" xsi:noNamespaceSchemaLocation="https://maven.apache.org/surefire/maven-surefire-plugin/xsd/surefire-test-report.xsd" name="com.sky.test.SpringDataRedisTest" time="0.002" tests="7" errors="7" skipped="0" failures="0">
  <properties>
[...]
</properties>
  <testcase name="testSet" classname="com.sky.test.SpringDataRedisTest" time="0">
    <error type="java.lang.NullPointerException">java.lang.NullPointerException
	at com.sky.test.SpringDataRedisTest.testSet(SpringDataRedisTest.java:92)
</error>
  </testcase>
  <testcase name="testHash" classname="com.sky.test.SpringDataRedisTest" time="0">
    <error type="java.lang.NullPointerException">java.lang.NullPointerException
	at com.sky.test.SpringDataRedisTest.testHash(SpringDataRedisTest.java:49)
</error>
  </testcase>
  <testcase name="testList" classname="com.sky.test.SpringDataRedisTest" time="0">
    <error type="java.lang.NullPointerException">java.lang.NullPointerException
	at com.sky.test.SpringDataRedisTest.testList(SpringDataRedisTest.java:72)
</error>
  </testcase>
  <testcase name="testZset" classname="com.sky.test.SpringDataRedisTest" time="0">
    <error type="java.lang.NullPointerException">java.lang.NullPointerException
	at com.sky.test.SpringDataRedisTest.testZset(SpringDataRedisTest.java:118)
</error>
  </testcase>
  <testcase name="testCommon" classname="com.sky.test.SpringDataRedisTest" time="0">
    <error type="java.lang.NullPointerException">java.lang.NullPointerException
	at com.sky.test.SpringDataRedisTest.testCommon(SpringDataRedisTest.java:138)
</error>
  </testcase>
  <testcase name="testRedisTemplate" classname="com.sky.test.SpringDataRedisTest" time="0.001">
    <error type="java.lang.NullPointerException">java.lang.NullPointerException
	at com.sky.test.SpringDataRedisTest.testRedisTemplate(SpringDataRedisTest.java:22)
</error>
    <system-out><![CDATA[null
]]></system-out>
  </testcase>
  <testcase name="testString" classname="com.sky.test.SpringDataRedisTest" time="0">
    <error type="java.lang.NullPointerException">java.lang.NullPointerException
	at com.sky.test.SpringDataRedisTest.testString(SpringDataRedisTest.java:35)
</error>
  </testcase>
</testsuite>